%!Adobe-FontList 1.19
%Locale:0x409

%BeginFont
Handler:DirectoryHandler
FontType:TrueType
FontName:BreeSerif-Regular
FamilyName:Bree Serif
StyleName:Regular
MenuName:Bree Serif
StyleBits:0
WeightClass:400
WidthClass:5
AngleClass:0
FullName:Bree Serif Regular
WritingScript:Roman
OutlineFileName:\BreeSerif-Regular.ttf
DataFormat:sfntData
hasSVG:no
VariableFontType:NonVariableFont
FileLength:46572
FileModTime:1324252800
NameArray:0,Mac,4,Bree Serif Regular
NameArray:0,Win,1,Bree Serif
%EndFont

%BeginFont
Handler:DirectoryHandler
FontType:TrueType
FontName:SourceSansPro-SemiBoldItalic
FamilyName:Source Sans Pro
StyleName:SemiBold Italic
MenuName:Source Sans Pro SemiBold
StyleBits:1
WeightClass:600
WidthClass:5
AngleClass:1
FullName:Source Sans Pro SemiBold Italic
WritingScript:Roman
OutlineFileName:\SourceSansPro-SemiBoldItalic.ttf
DataFormat:sfntData
hasSVG:no
VariableFontType:NonVariableFont
FileLength:103556
FileModTime:1343696400
DesignSize:100
NameArray:0,Mac,4,Source Sans Pro SemiBold Italic
NameArray:0,Win,1,Source Sans Pro SemiBold
NameArray:0,Win,16,Source Sans Pro
%EndFont

%BeginFont
Handler:DirectoryHandler
FontType:TrueType
FontName:SourceSansPro-Regular
FamilyName:Source Sans Pro
StyleName:Regular
MenuName:Source Sans Pro
StyleBits:0
WeightClass:400
WidthClass:5
AngleClass:0
FullName:Source Sans Pro Regular
WritingScript:Roman
OutlineFileName:\SourceSansPro-Regular.ttf
DataFormat:sfntData
hasSVG:no
VariableFontType:NonVariableFont
FileLength:293516
FileModTime:1343696400
DesignSize:100
NameArray:0,Mac,4,Source Sans Pro Regular
NameArray:0,Win,1,Source Sans Pro
%EndFont

%BeginFont
Handler:DirectoryHandler
FontType:TrueType
FontName:SourceSansPro-Bold
FamilyName:Source Sans Pro
StyleName:Bold
MenuName:Source Sans Pro
StyleBits:2
WeightClass:700
WidthClass:5
AngleClass:0
FullName:Source Sans Pro Bold
WritingScript:Roman
OutlineFileName:\SourceSansPro-Bold.ttf
DataFormat:sfntData
hasSVG:no
VariableFontType:NonVariableFont
FileLength:290916
FileModTime:1343696400
DesignSize:100
NameArray:0,Mac,4,Source Sans Pro Bold
NameArray:0,Win,1,Source Sans Pro
%EndFont

%BeginFont
Handler:DirectoryHandler
FontType:TrueType
FontName:SourceSansPro-Light
FamilyName:Source Sans Pro
StyleName:Light
MenuName:Source Sans Pro Light
StyleBits:0
WeightClass:300
WidthClass:5
AngleClass:0
FullName:Source Sans Pro Light
WritingScript:Roman
OutlineFileName:\SourceSansPro-Light.ttf
DataFormat:sfntData
hasSVG:no
VariableFontType:NonVariableFont
FileLength:292680
FileModTime:1343696400
DesignSize:100
NameArray:0,Mac,4,Source Sans Pro Light
NameArray:0,Win,1,Source Sans Pro Light
NameArray:0,Win,16,Source Sans Pro
%EndFont

%BeginFont
Handler:DirectoryHandler
FontType:TrueType
FontName:SourceSansPro-SemiBold
FamilyName:Source Sans Pro
StyleName:SemiBold
MenuName:Source Sans Pro SemiBold
StyleBits:0
WeightClass:600
WidthClass:5
AngleClass:0
FullName:Source Sans Pro SemiBold
WritingScript:Roman
OutlineFileName:\SourceSansPro-SemiBold.ttf
DataFormat:sfntData
hasSVG:no
VariableFontType:NonVariableFont
FileLength:291864
FileModTime:1343696400
DesignSize:100
NameArray:0,Mac,4,Source Sans Pro SemiBold
NameArray:0,Win,1,Source Sans Pro SemiBold
NameArray:0,Win,16,Source Sans Pro
%EndFont

%BeginFont
Handler:DirectoryHandler
FontType:TrueType
FontName:SourceSansPro-Italic
FamilyName:Source Sans Pro
StyleName:Italic
MenuName:Source Sans Pro
StyleBits:1
WeightClass:400
WidthClass:5
AngleClass:1
FullName:Source Sans Pro Italic
WritingScript:Roman
OutlineFileName:\SourceSansPro-Italic.ttf
DataFormat:sfntData
hasSVG:no
VariableFontType:NonVariableFont
FileLength:103828
FileModTime:1343696400
DesignSize:100
NameArray:0,Mac,4,Source Sans Pro Italic
NameArray:0,Win,1,Source Sans Pro
%EndFont

